[2021-05-03 15:01:32.700] [main] [info] update#setState idle
[2021-05-03 15:02:02.713] [main] [info] update#setState checking for updates
[2021-05-03 15:02:02.973] [main] [info] update#setState idle
[2021-05-03 16:02:02.800] [main] [info] update#setState checking for updates
[2021-05-03 16:02:03.829] [main] [info] update#setState idle
[2021-05-03 18:08:35.169] [main] [info] update#setState checking for updates
[2021-05-03 18:08:36.077] [main] [info] update#setState idle
[2021-05-03 19:08:35.241] [main] [info] update#setState checking for updates
[2021-05-03 19:08:35.969] [main] [info] update#setState idle
[2021-05-03 20:08:35.249] [main] [info] update#setState checking for updates
[2021-05-03 20:08:35.995] [main] [info] update#setState idle
[2021-05-03 21:08:35.353] [main] [info] update#setState checking for updates
[2021-05-03 21:08:36.984] [main] [info] update#setState idle
[2021-05-04 10:23:45.553] [main] [info] update#setState checking for updates
[2021-05-04 10:23:46.344] [main] [info] update#setState idle
[2021-05-04 11:23:45.657] [main] [info] update#setState checking for updates
[2021-05-04 11:23:46.428] [main] [info] update#setState idle
[2021-05-04 12:57:01.860] [main] [info] update#setState checking for updates
[2021-05-04 12:57:02.694] [main] [info] update#setState idle
[2021-05-04 13:57:02.624] [main] [info] update#setState checking for updates
[2021-05-04 13:57:03.638] [main] [info] update#setState idle
[2021-05-04 14:57:02.728] [main] [info] update#setState checking for updates
[2021-05-04 14:57:03.538] [main] [info] update#setState idle
[2021-05-04 15:57:02.809] [main] [info] update#setState checking for updates
[2021-05-04 15:57:03.650] [main] [info] update#setState idle
[2021-05-04 16:57:02.912] [main] [info] update#setState checking for updates
[2021-05-04 16:57:03.828] [main] [info] update#setState idle
[2021-05-04 17:57:03.004] [main] [info] update#setState checking for updates
[2021-05-04 17:57:04.168] [main] [info] update#setState idle
[2021-05-04 18:57:03.098] [main] [info] update#setState checking for updates
[2021-05-04 18:57:04.216] [main] [info] update#setState idle
[2021-05-04 21:10:06.682] [main] [info] update#setState checking for updates
[2021-05-04 21:10:07.786] [main] [info] update#setState idle
[2021-05-05 11:00:19.048] [main] [info] update#setState checking for updates
[2021-05-05 11:00:19.855] [main] [info] update#setState idle
[2021-05-05 12:00:19.148] [main] [info] update#setState checking for updates
[2021-05-05 12:00:20.337] [main] [info] update#setState idle
[2021-05-05 13:00:19.737] [main] [info] update#setState checking for updates
[2021-05-05 13:00:21.093] [main] [info] update#setState idle
[2021-05-05 14:16:35.210] [main] [info] update#setState checking for updates
[2021-05-05 14:16:36.264] [main] [info] update#setState idle
[2021-05-05 15:57:59.954] [main] [info] update#setState checking for updates
[2021-05-05 15:58:01.065] [main] [info] update#setState idle
[2021-05-05 16:57:59.975] [main] [info] update#setState checking for updates
[2021-05-05 16:58:01.034] [main] [info] update#setState idle
[2021-05-05 17:59:40.218] [main] [info] update#setState checking for updates
[2021-05-05 17:59:41.195] [main] [info] update#setState idle
[2021-05-05 19:00:08.933] [main] [info] update#setState checking for updates
[2021-05-05 19:00:10.084] [main] [info] update#setState idle
[2021-05-05 20:00:08.955] [main] [info] update#setState checking for updates
[2021-05-05 20:00:10.140] [main] [info] update#setState idle
[2021-05-05 21:31:09.497] [main] [info] update#setState checking for updates
[2021-05-05 21:31:09.505] [main] [error] Error: net::ERR_INTERNET_DISCONNECTED
    at SimpleURLLoaderWrapper.<anonymous> (electron/js2c/browser_init.js:109:6508)
    at SimpleURLLoaderWrapper.emit (events.js:315:20)
[2021-05-05 21:31:09.505] [main] [info] update#setState idle
[2021-05-05 22:31:09.516] [main] [info] update#setState checking for updates
[2021-05-05 22:31:09.524] [main] [error] Error: net::ERR_INTERNET_DISCONNECTED
    at SimpleURLLoaderWrapper.<anonymous> (electron/js2c/browser_init.js:109:6508)
    at SimpleURLLoaderWrapper.emit (events.js:315:20)
[2021-05-05 22:31:09.524] [main] [info] update#setState idle
[2021-05-06 09:19:28.495] [main] [info] update#setState checking for updates
[2021-05-06 09:19:29.564] [main] [info] update#setState available for download
