Looking for git in: git
Using git 2.17.1 from git
> git rev-parse --git-dir
Open repository: /var/www/html/core-cdp
> git status -z -u
> git symbolic-ref --short HEAD
> git for-each-ref --format=%(refname)%00%(upstream:short)%00%(upstream:track)%00%(objectname) refs/heads/EXP-10413 refs/remotes/EXP-10413
> git for-each-ref --sort -committerdate --format %(refname) %(objectname) %(*objectname)
> git remote --verbose
> git config --get commit.template
> git check-ignore -v -z --stdin
> git show --textconv :public/dist/css/1001/app-css-responsive.v2.css
> git ls-files --stage -- /var/www/html/core-cdp/public/dist/css/1001/app-css-responsive.v2.css
> git cat-file -s 3d4c6f44a21c34b2882a45ca7075622b885a61ec
> git check-ignore -v -z --stdin
> git status -z -u
> git symbolic-ref --short HEAD
> git for-each-ref --format=%(refname)%00%(upstream:short)%00%(upstream:track)%00%(objectname) refs/heads/EXP-10413 refs/remotes/EXP-10413
> git for-each-ref --sort -committerdate --format %(refname) %(objectname) %(*objectname)
> git remote --verbose
> git config --get commit.template
> git status -z -u
> git symbolic-ref --short HEAD
> git for-each-ref --format=%(refname)%00%(upstream:short)%00%(upstream:track)%00%(objectname) refs/heads/EXP-10413 refs/remotes/EXP-10413
> git for-each-ref --sort -committerdate --format %(refname) %(objectname) %(*objectname)
> git remote --verbose
> git config --get commit.template
> git status -z -u
> git symbolic-ref --short HEAD
> git for-each-ref --format=%(refname)%00%(upstream:short)%00%(upstream:track)%00%(objectname) refs/heads/EXP-10413 refs/remotes/EXP-10413
> git for-each-ref --sort -committerdate --format %(refname) %(objectname) %(*objectname)
> git remote --verbose
> git config --get commit.template
> git status -z -u
> git symbolic-ref --short HEAD
> git for-each-ref --format=%(refname)%00%(upstream:short)%00%(upstream:track)%00%(objectname) refs/heads/EXP-10413 refs/remotes/EXP-10413
> git for-each-ref --sort -committerdate --format %(refname) %(objectname) %(*objectname)
> git remote --verbose
> git config --get commit.template
> git status -z -u
> git symbolic-ref --short HEAD
> git for-each-ref --format=%(refname)%00%(upstream:short)%00%(upstream:track)%00%(objectname) refs/heads/EXP-10413 refs/remotes/EXP-10413
> git for-each-ref --sort -committerdate --format %(refname) %(objectname) %(*objectname)
> git remote --verbose
> git config --get commit.template
> git status -z -u
> git symbolic-ref --short HEAD
> git for-each-ref --format=%(refname)%00%(upstream:short)%00%(upstream:track)%00%(objectname) refs/heads/EXP-10413 refs/remotes/EXP-10413
> git for-each-ref --sort -committerdate --format %(refname) %(objectname) %(*objectname)
> git remote --verbose
> git config --get commit.template
> git status -z -u
> git symbolic-ref --short HEAD
> git for-each-ref --format=%(refname)%00%(upstream:short)%00%(upstream:track)%00%(objectname) refs/heads/EXP-10413 refs/remotes/EXP-10413
> git for-each-ref --sort -committerdate --format %(refname) %(objectname) %(*objectname)
> git remote --verbose
> git config --get commit.template
> git show --textconv :public/dist/css/mycourse/mycourse.css
> git ls-files --stage -- /var/www/html/core-cdp/public/dist/css/mycourse/mycourse.css
> git cat-file -s ed569aabcae7f1b777e50d4592aadb37c2083beb
> git check-ignore -v -z --stdin
> git status -z -u
> git symbolic-ref --short HEAD
> git for-each-ref --format=%(refname)%00%(upstream:short)%00%(upstream:track)%00%(objectname) refs/heads/EXP-10413 refs/remotes/EXP-10413
> git for-each-ref --sort -committerdate --format %(refname) %(objectname) %(*objectname)
> git remote --verbose
> git config --get commit.template
> git status -z -u
> git symbolic-ref --short HEAD
> git for-each-ref --format=%(refname)%00%(upstream:short)%00%(upstream:track)%00%(objectname) refs/heads/EXP-10413 refs/remotes/EXP-10413
> git for-each-ref --sort -committerdate --format %(refname) %(objectname) %(*objectname)
> git remote --verbose
> git config --get commit.template
> git status -z -u
> git symbolic-ref --short HEAD
> git for-each-ref --format=%(refname)%00%(upstream:short)%00%(upstream:track)%00%(objectname) refs/heads/EXP-10413 refs/remotes/EXP-10413
> git for-each-ref --sort -committerdate --format %(refname) %(objectname) %(*objectname)
> git remote --verbose
> git config --get commit.template
> git status -z -u
> git symbolic-ref --short HEAD
> git for-each-ref --format=%(refname)%00%(upstream:short)%00%(upstream:track)%00%(objectname) refs/heads/EXP-10413 refs/remotes/EXP-10413
> git for-each-ref --sort -committerdate --format %(refname) %(objectname) %(*objectname)
> git remote --verbose
> git config --get commit.template
> git status -z -u
> git symbolic-ref --short HEAD
> git for-each-ref --format=%(refname)%00%(upstream:short)%00%(upstream:track)%00%(objectname) refs/heads/EXP-10413 refs/remotes/EXP-10413
> git for-each-ref --sort -committerdate --format %(refname) %(objectname) %(*objectname)
> git remote --verbose
> git config --get commit.template
> git status -z -u
> git symbolic-ref --short HEAD
> git for-each-ref --format=%(refname)%00%(upstream:short)%00%(upstream:track)%00%(objectname) refs/heads/EXP-10413 refs/remotes/EXP-10413
> git for-each-ref --sort -committerdate --format %(refname) %(objectname) %(*objectname)
> git remote --verbose
> git config --get commit.template
> git show --textconv :public/dist/css/1001/app-css-responsive.v2.css
> git ls-files --stage -- /var/www/html/core-cdp/public/dist/css/1001/app-css-responsive.v2.css
> git cat-file -s 3d4c6f44a21c34b2882a45ca7075622b885a61ec
> git check-ignore -v -z --stdin
> git show --textconv :public/dist/css/mycourse/mycourse.css
> git ls-files --stage -- /var/www/html/core-cdp/public/dist/css/mycourse/mycourse.css
> git cat-file -s ed569aabcae7f1b777e50d4592aadb37c2083beb
> git show --textconv HEAD:public/dist/css/mycourse/mycourse.css
> git ls-tree -l HEAD -- /var/www/html/core-cdp/public/dist/css/mycourse/mycourse.css
> git status -z -u
> git symbolic-ref --short HEAD
> git for-each-ref --format=%(refname)%00%(upstream:short)%00%(upstream:track)%00%(objectname) refs/heads/EXP-10413 refs/remotes/EXP-10413
> git for-each-ref --sort -committerdate --format %(refname) %(objectname) %(*objectname)
> git remote --verbose
> git config --get commit.template
> git ls-files --stage -- /var/www/html/core-cdp/public/dist/css/mycourse/mycourse.css
> git cat-file -s ed569aabcae7f1b777e50d4592aadb37c2083beb
> git status -z -u
> git symbolic-ref --short HEAD
> git for-each-ref --format=%(refname)%00%(upstream:short)%00%(upstream:track)%00%(objectname) refs/heads/EXP-10413 refs/remotes/EXP-10413
> git for-each-ref --sort -committerdate --format %(refname) %(objectname) %(*objectname)
> git remote --verbose
> git config --get commit.template
> git status -z -u
> git symbolic-ref --short HEAD
> git for-each-ref --format=%(refname)%00%(upstream:short)%00%(upstream:track)%00%(objectname) refs/heads/EXP-10413 refs/remotes/EXP-10413
> git for-each-ref --sort -committerdate --format %(refname) %(objectname) %(*objectname)
> git remote --verbose
> git config --get commit.template
> git ls-files --stage -- /var/www/html/core-cdp/public/dist/css/mycourse/mycourse.css
> git cat-file -s ed569aabcae7f1b777e50d4592aadb37c2083beb
> git ls-files --stage -- /var/www/html/core-cdp/public/dist/css/mycourse/mycourse.css
> git cat-file -s ed569aabcae7f1b777e50d4592aadb37c2083beb
> git status -z -u
> git ls-files --stage -- /var/www/html/core-cdp/public/dist/css/mycourse/mycourse.css
> git ls-tree -l HEAD -- /var/www/html/core-cdp/public/dist/css/mycourse/mycourse.css
> git cat-file -s ed569aabcae7f1b777e50d4592aadb37c2083beb
> git show --textconv HEAD:public/dist/css/mycourse/mycourse.css
> git show --textconv :public/dist/css/mycourse/mycourse.css
> git symbolic-ref --short HEAD
> git for-each-ref --format=%(refname)%00%(upstream:short)%00%(upstream:track)%00%(objectname) refs/heads/llp_r20_feature_sprint-2 refs/remotes/llp_r20_feature_sprint-2
> git for-each-ref --sort -committerdate --format %(refname) %(objectname) %(*objectname)
> git remote --verbose
> git config --get commit.template
