Looking for git in: git
Using git 2.17.1 from git
> git rev-parse --git-dir
Open repository: /home/ayush/Documents/reacttut/css-styling
> git status -z -u
> git symbolic-ref --short HEAD
> git for-each-ref --format=%(refname)%00%(upstream:short)%00%(upstream:track)%00%(objectname) refs/heads/master refs/remotes/master
> git for-each-ref --sort -committerdate --format %(refname) %(objectname) %(*objectname)
> git remote --verbose
> git config --get commit.template
> git check-ignore -v -z --stdin
> git check-ignore -v -z --stdin
> git show --textconv :src/index.css
> git ls-files --stage -- /home/ayush/Documents/reacttut/css-styling/src/index.css
> git cat-file -s ec2585e8c0bb8188184ed1e0703c4c8f2a8419b0
> git status -z -u
> git symbolic-ref --short HEAD
> git for-each-ref --format=%(refname)%00%(upstream:short)%00%(upstream:track)%00%(objectname) refs/heads/master refs/remotes/master
> git for-each-ref --sort -committerdate --format %(refname) %(objectname) %(*objectname)
> git remote --verbose
> git config --get commit.template
> git status -z -u
> git symbolic-ref --short HEAD
> git for-each-ref --format=%(refname)%00%(upstream:short)%00%(upstream:track)%00%(objectname) refs/heads/master refs/remotes/master
> git for-each-ref --sort -committerdate --format %(refname) %(objectname) %(*objectname)
> git remote --verbose
> git config --get commit.template
> git show --textconv :src/App.js
> git ls-files --stage -- /home/ayush/Documents/reacttut/css-styling/src/App.js
> git cat-file -s 37845757234ccb68531c10cf7a2ffc589c47e342
> git status -z -u
> git symbolic-ref --short HEAD
> git for-each-ref --format=%(refname)%00%(upstream:short)%00%(upstream:track)%00%(objectname) refs/heads/master refs/remotes/master
> git for-each-ref --sort -committerdate --format %(refname) %(objectname) %(*objectname)
> git remote --verbose
> git config --get commit.template
> git ls-files --stage -- /home/ayush/Documents/reacttut/css-styling/src/App.js
> git cat-file -s 37845757234ccb68531c10cf7a2ffc589c47e342
> git show --textconv :src/App.js
> git status -z -u
> git symbolic-ref --short HEAD
> git for-each-ref --format=%(refname)%00%(upstream:short)%00%(upstream:track)%00%(objectname) refs/heads/master refs/remotes/master
> git for-each-ref --sort -committerdate --format %(refname) %(objectname) %(*objectname)
> git remote --verbose
> git config --get commit.template
> git status -z -u
> git symbolic-ref --short HEAD
> git for-each-ref --format=%(refname)%00%(upstream:short)%00%(upstream:track)%00%(objectname) refs/heads/master refs/remotes/master
> git for-each-ref --sort -committerdate --format %(refname) %(objectname) %(*objectname)
> git remote --verbose
> git config --get commit.template
> git show --textconv :src/App.css
> git ls-files --stage -- /home/ayush/Documents/reacttut/css-styling/src/App.css
> git cat-file -s 74b5e053450a48a6bdb4d71aad648e7af821975c
> git show --textconv :src/App.js
> git ls-files --stage -- /home/ayush/Documents/reacttut/css-styling/src/App.js
> git cat-file -s 37845757234ccb68531c10cf7a2ffc589c47e342
> git status -z -u
> git symbolic-ref --short HEAD
> git for-each-ref --format=%(refname)%00%(upstream:short)%00%(upstream:track)%00%(objectname) refs/heads/master refs/remotes/master
> git for-each-ref --sort -committerdate --format %(refname) %(objectname) %(*objectname)
> git remote --verbose
> git config --get commit.template
> git status -z -u
> git symbolic-ref --short HEAD
> git for-each-ref --format=%(refname)%00%(upstream:short)%00%(upstream:track)%00%(objectname) refs/heads/master refs/remotes/master
> git for-each-ref --sort -committerdate --format %(refname) %(objectname) %(*objectname)
> git remote --verbose
> git config --get commit.template
> git status -z -u
> git symbolic-ref --short HEAD
> git for-each-ref --format=%(refname)%00%(upstream:short)%00%(upstream:track)%00%(objectname) refs/heads/master refs/remotes/master
> git for-each-ref --sort -committerdate --format %(refname) %(objectname) %(*objectname)
> git remote --verbose
> git config --get commit.template
> git status -z -u
> git symbolic-ref --short HEAD
> git for-each-ref --format=%(refname)%00%(upstream:short)%00%(upstream:track)%00%(objectname) refs/heads/master refs/remotes/master
> git for-each-ref --sort -committerdate --format %(refname) %(objectname) %(*objectname)
> git remote --verbose
> git config --get commit.template
> git show --textconv :src/index.js
> git ls-files --stage -- /home/ayush/Documents/reacttut/css-styling/src/index.js
> git cat-file -s ef2edf8ea3fc42258464231e29140c8723458c1e
> git show --textconv :src/index.css
> git ls-files --stage -- /home/ayush/Documents/reacttut/css-styling/src/index.css
> git cat-file -s ec2585e8c0bb8188184ed1e0703c4c8f2a8419b0
> git show --textconv :src/index.js
> git ls-files --stage -- /home/ayush/Documents/reacttut/css-styling/src/index.js
> git cat-file -s ef2edf8ea3fc42258464231e29140c8723458c1e
> git status -z -u
> git symbolic-ref --short HEAD
> git for-each-ref --format=%(refname)%00%(upstream:short)%00%(upstream:track)%00%(objectname) refs/heads/master refs/remotes/master
> git for-each-ref --sort -committerdate --format %(refname) %(objectname) %(*objectname)
> git remote --verbose
> git config --get commit.template
> git status -z -u
> git symbolic-ref --short HEAD
> git for-each-ref --format=%(refname)%00%(upstream:short)%00%(upstream:track)%00%(objectname) refs/heads/master refs/remotes/master
> git for-each-ref --sort -committerdate --format %(refname) %(objectname) %(*objectname)
> git remote --verbose
> git config --get commit.template
> git show --textconv :src/App.js
> git ls-files --stage -- /home/ayush/Documents/reacttut/css-styling/src/App.js
> git cat-file -s 37845757234ccb68531c10cf7a2ffc589c47e342
> git check-ignore -v -z --stdin
> git show --textconv :src/App.js
> git ls-files --stage -- /home/ayush/Documents/reacttut/css-styling/src/App.js
> git cat-file -s 37845757234ccb68531c10cf7a2ffc589c47e342
> git status -z -u
> git symbolic-ref --short HEAD
> git for-each-ref --format=%(refname)%00%(upstream:short)%00%(upstream:track)%00%(objectname) refs/heads/master refs/remotes/master
> git for-each-ref --sort -committerdate --format %(refname) %(objectname) %(*objectname)
> git remote --verbose
> git config --get commit.template
> git show --textconv :src/index.js
> git ls-files --stage -- /home/ayush/Documents/reacttut/css-styling/src/index.js
> git cat-file -s ef2edf8ea3fc42258464231e29140c8723458c1e
> git status -z -u
> git symbolic-ref --short HEAD
> git for-each-ref --format=%(refname)%00%(upstream:short)%00%(upstream:track)%00%(objectname) refs/heads/master refs/remotes/master
> git for-each-ref --sort -committerdate --format %(refname) %(objectname) %(*objectname)
> git remote --verbose
> git config --get commit.template
> git status -z -u
> git check-ignore -v -z --stdin
> git symbolic-ref --short HEAD
> git for-each-ref --format=%(refname)%00%(upstream:short)%00%(upstream:track)%00%(objectname) refs/heads/master refs/remotes/master
> git for-each-ref --sort -committerdate --format %(refname) %(objectname) %(*objectname)
> git remote --verbose
> git config --get commit.template
> git check-ignore -v -z --stdin
> git check-ignore -v -z --stdin
> git show --textconv :public/index.html
> git ls-files --stage -- /home/ayush/Documents/reacttut/css-styling/public/index.html
> git cat-file -s aa069f27cbd9d53394428171c3989fd03db73c76
> git show --textconv :src/index.js
> git ls-files --stage -- /home/ayush/Documents/reacttut/css-styling/src/index.js
> git cat-file -s ef2edf8ea3fc42258464231e29140c8723458c1e
> git show --textconv :src/Heading.jsx
> git ls-files --stage -- /home/ayush/Documents/reacttut/css-styling/src/Heading.jsx
> git check-ignore -v -z --stdin
> git show --textconv :src/index.js
> git ls-files --stage -- /home/ayush/Documents/reacttut/css-styling/src/index.js
> git cat-file -s ef2edf8ea3fc42258464231e29140c8723458c1e
> git show --textconv :src/Heading.jsx
> git ls-files --stage -- /home/ayush/Documents/reacttut/css-styling/src/Heading.jsx
> git show --textconv :src/index.js
> git ls-files --stage -- /home/ayush/Documents/reacttut/css-styling/src/index.js
> git cat-file -s ef2edf8ea3fc42258464231e29140c8723458c1e
> git show --textconv :src/Heading.jsx
> git ls-files --stage -- /home/ayush/Documents/reacttut/css-styling/src/Heading.jsx
> git show --textconv :src/index.js
> git ls-files --stage -- /home/ayush/Documents/reacttut/css-styling/src/index.js
> git cat-file -s ef2edf8ea3fc42258464231e29140c8723458c1e
> git show --textconv :src/Heading.jsx
> git ls-files --stage -- /home/ayush/Documents/reacttut/css-styling/src/Heading.jsx
> git show --textconv :src/index.js
> git ls-files --stage -- /home/ayush/Documents/reacttut/css-styling/src/index.js
> git cat-file -s ef2edf8ea3fc42258464231e29140c8723458c1e
> git show --textconv :src/Heading.jsx
> git ls-files --stage -- /home/ayush/Documents/reacttut/css-styling/src/Heading.jsx
